0 info it worked if it ends with ok
1 verbose cli [ 'C:\\Program Files\\nodejs\\node.exe',
1 verbose cli   'C:\\Program Files\\nodejs\\node_modules\\npm\\bin\\npm-cli.js',
1 verbose cli   'run-script',
1 verbose cli   'start' ]
2 info using npm@3.10.3
3 info using node@v6.4.0
4 verbose run-script [ 'prestart', 'start', 'poststart' ]
5 info lifecycle ugent-workshop@1.0.0~prestart: ugent-workshop@1.0.0
6 silly lifecycle ugent-workshop@1.0.0~prestart: no script for prestart, continuing
7 info lifecycle ugent-workshop@1.0.0~start: ugent-workshop@1.0.0
8 verbose lifecycle ugent-workshop@1.0.0~start: unsafe-perm in lifecycle true
9 verbose lifecycle ugent-workshop@1.0.0~start: PATH: C:\Program Files\nodejs\node_modules\npm\bin\node-gyp-bin;C:\Users\Johan\git\ugent\node_modules\.bin;C:\Program Files\nodejs;C:\Program Files (x86)\VideoLAN\VLC;C:\Program Files\IBM\ILOG\CPLEX_Studio_Community1262\opl\bin\x64_win64;C:\Program Files\IBM\ILOG\CPLEX_Studio_Community1262\opl\oplide\;C:\Program Files\IBM\ILOG\CPLEX_Studio_Community1262\cplex\bin\x64_win64;C:\Program Files\IBM\ILOG\CPLEX_Studio_Community1262\cpoptimizer\bin\x64_win64;C:\Development\Applications\Oracle\product\12.1.0\dbhome_1\bin;c:\Program Files (x86)\Intel\iCLS Client\;c:\Program Files\Intel\iCLS Client\;C:\WINDOWS\system32;C:\WINDOWS;C:\WINDOWS\System32\Wbem;C:\WINDOWS\System32\WindowsPowerShell\v1.0\;C:\Program Files\Intel\Intel(R) Management Engine Components\DAL;C:\Program Files\Intel\Intel(R) Management Engine Components\IPT;C:\Program Files (x86)\Intel\Intel(R) Management Engine Components\DAL;C:\Program Files (x86)\Intel\Intel(R) Management Engine Components\IPT;C:\Program Files (x86)\ATI Technologies\ATI.ACE\Core-Static;C:\Program Files\Hewlett-Packard\SimplePass\;C:\Users\Johan\Downloads\spark-1.5.1-bin-hadoop-2.6_scala-2.11\bin;C:\Development\Frameworks\Flume\1.5.0.1\binaries\bin;C:\Development\Applications\Maven\3.3.9\bin;C:\Development\Applications\Ant\1.9.4\bin;C:\Development\Applications\Gradle\2.1\bin;C:\Development\Frameworks\Typesafe-activator\1.3.6;C:\Program Files\Microsoft SQL Server\110\Tools\Binn\;C:\Program Files\Gecode\bin\;C:\Qt\5.3\msvc2013_64\bin\;C:\Windows\SysWOW64\downlevel;C:\Development\Applications\R\3.0.1\bin;C:\Development\Frameworks\Python34;C:\Development\Frameworks\Python34\Scripts;C:\Program Files (x86)\Git\bin;C:\Program Files\TortoiseHg\;C:\Program Files\Microsoft SQL Server\120\Tools\Binn\;C:\Java\64\jdk1.8.0_66\bin;C:\Program Files (x86)\Calibre2\;C:\Development\bin;C:\Program Files (x86)\scala\bin;C:\Users\Johan\Anaconda3;C:\Users\Johan\Anaconda3\Scripts;C:\Users\Johan\Anaconda3\Library\bin;C:\Program Files\nodejs\;C:\Development\Applications\Spring\SpringBootCLI\1.4.1\bin;C:\Program Files\Git\cmd;C:\Program Files (x86)\Yarn\bin;C:\Ruby22-x64\bin;C:\Users\Johan\AppData\Local\atom\bin;C:\Users\Johan\AppData\Roaming\npm;C:\Users\Johan\AppData\Local\Microsoft\WindowsApps;C:\Users\Johan\AppData\Local\Yarn\.bin;C:\Program Files (x86)\Microsoft VS Code\bin;C:\Program Files\Docker Toolbox
10 verbose lifecycle ugent-workshop@1.0.0~start: CWD: C:\Users\Johan\git\ugent
11 silly lifecycle ugent-workshop@1.0.0~start: Args: [ '/d /s /c', 'tsc && concurrently "tsc -w" "lite-server" ' ]
12 silly lifecycle ugent-workshop@1.0.0~start: Returned: code: 1  signal: null
13 info lifecycle ugent-workshop@1.0.0~start: Failed to exec start script
14 verbose stack Error: ugent-workshop@1.0.0 start: `tsc && concurrently "tsc -w" "lite-server" `
14 verbose stack Exit status 1
14 verbose stack     at EventEmitter.<anonymous> (C:\Program Files\nodejs\node_modules\npm\lib\utils\lifecycle.js:242:16)
14 verbose stack     at emitTwo (events.js:106:13)
14 verbose stack     at EventEmitter.emit (events.js:191:7)
14 verbose stack     at ChildProcess.<anonymous> (C:\Program Files\nodejs\node_modules\npm\lib\utils\spawn.js:40:14)
14 verbose stack     at emitTwo (events.js:106:13)
14 verbose stack     at ChildProcess.emit (events.js:191:7)
14 verbose stack     at maybeClose (internal/child_process.js:852:16)
14 verbose stack     at Process.ChildProcess._handle.onexit (internal/child_process.js:215:5)
15 verbose pkgid ugent-workshop@1.0.0
16 verbose cwd C:\Users\Johan\git\ugent
17 error Windows_NT 10.0.14393
18 error argv "C:\\Program Files\\nodejs\\node.exe" "C:\\Program Files\\nodejs\\node_modules\\npm\\bin\\npm-cli.js" "run-script" "start"
19 error node v6.4.0
20 error npm  v3.10.3
21 error code ELIFECYCLE
22 error ugent-workshop@1.0.0 start: `tsc && concurrently "tsc -w" "lite-server" `
22 error Exit status 1
23 error Failed at the ugent-workshop@1.0.0 start script 'tsc && concurrently "tsc -w" "lite-server" '.
23 error Make sure you have the latest version of node.js and npm installed.
23 error If you do, this is most likely a problem with the ugent-workshop package,
23 error not with npm itself.
23 error Tell the author that this fails on your system:
23 error     tsc && concurrently "tsc -w" "lite-server"
23 error You can get information on how to open an issue for this project with:
23 error     npm bugs ugent-workshop
23 error Or if that isn't available, you can get their info via:
23 error     npm owner ls ugent-workshop
23 error There is likely additional logging output above.
24 verbose exit [ 1, true ]
